STORAGE :: DEBUG – Received request to GET sells 2023-01-24 10:12:47Z. Number of results 7
STORAGE :: DEBUG – Received request to GET sells 2023-01-24 10:12:47Z. Number of results 8
STORAGE :: DEBUG – Received request to GET sells 2023-01-24 10:12:47Z. Number of results 8
STORAGE :: DEBUG – Received request to GET sells Y-01-31T09:46:38Z. Number of results 0
STORAGE :: DEBUG – Received request to GET sells Y-01-31T09:46:38Z. Number of results 0
STORAGE :: DEBUG – Received request to GET sells Y-01-31T09:46:43Z. Number of results 0
STORAGE :: DEBUG – Received request to GET sells Y-01-31T09:46:43Z. Number of results 0
STORAGE :: DEBUG – Received request to GET sells Y-01-31T09:46:48Z. Number of results 0
STORAGE :: DEBUG – Received request to GET sells Y-01-31T09:46:48Z. Number of results 0
STORAGE :: DEBUG – Received request to GET sells Y-01-31T09:46:53Z. Number of results 0
STORAGE :: DEBUG – Received request to GET sells Y-01-31T09:46:53Z. Number of results 0
STORAGE :: DEBUG – Received request to GET sells Y-01-31T09:48:10Z. Number of results 0
STORAGE :: DEBUG – Received request to GET sells Y-01-31T09:48:10Z. Number of results 0
STORAGE :: DEBUG – Received request to GET sells Y-01-31T09:48:15Z. Number of results 0
STORAGE :: DEBUG – Received request to GET sells Y-01-31T09:48:15Z. Number of results 0
STORAGE :: DEBUG – Received request to GET sells 2023-01-24 10:12:47Z. Number of results 8
STORAGE :: DEBUG – Received request to GET sells Y-01-31T09:49:11Z. Number of results 0
STORAGE :: DEBUG – Received request to GET sells Y-01-31T09:49:11Z. Number of results 0
STORAGE :: DEBUG – Received request to GET sells Y-01-31T09:49:16Z. Number of results 0
STORAGE :: DEBUG – Received request to GET sells Y-01-31T09:49:16Z. Number of results 0
STORAGE :: DEBUG – Received request to GET sells Y-01-31T09:49:31Z. Number of results 0
STORAGE :: DEBUG – Received request to GET sells Y-01-31T09:49:31Z. Number of results 0
STORAGE :: DEBUG – Received request to GET sells Y-01-31T09:49:36Z. Number of results 0
STORAGE :: DEBUG – Received request to GET sells Y-01-31T09:49:36Z. Number of results 0
STORAGE :: DEBUG – Received request to GET sells Y-01-31T09:50:12Z. Number of results 0
STORAGE :: DEBUG – Received request to GET sells Y-01-31T09:50:12Z. Number of results 0
STORAGE :: DEBUG – Received request to GET sells Y-01-31T09:50:17Z. Number of results 0
STORAGE :: DEBUG – Received request to GET sells Y-01-31T09:50:17Z. Number of results 0
STORAGE :: DEBUG – Received request to GET sells 2023-01-31 T09:51:12Z. Number of results 0
STORAGE :: DEBUG – Received request to GET sells 2023-01-31 T09:51:12Z. Number of results 0
STORAGE :: DEBUG – Received request to GET sells 2023-01-31 T09:51:17Z. Number of results 0
STORAGE :: DEBUG – Received request to GET sells 2023-01-31 T09:51:17Z. Number of results 0
STORAGE :: DEBUG – Received request to GET sells 2023-01-31 T09:51:22Z. Number of results 0
STORAGE :: DEBUG – Received request to GET sells 2023-01-31 T09:51:22Z. Number of results 0
STORAGE :: DEBUG – Received request to GET sells 2023-01-31 09:51:49Z. Number of results 0
STORAGE :: DEBUG – Received request to GET sells 2023-01-31 09:51:49Z. Number of results 0
STORAGE :: DEBUG – Received request to GET sells 2023-01-31 09:51:54Z. Number of results 0
STORAGE :: DEBUG – Received request to GET sells 2023-01-31 09:51:54Z. Number of results 0
STORAGE :: DEBUG – Received request to GET sells 2023-01-31 09:51:59Z. Number of results 0
STORAGE :: DEBUG – Received request to GET sells 2023-01-31 09:51:59Z. Number of results 0
STORAGE :: DEBUG – Received request to GET sells 2023-01-31 09:52:31Z. Number of results 0
STORAGE :: DEBUG – Received request to GET sells 2023-01-31 09:52:31Z. Number of results 0
STORAGE :: DEBUG – Received request to GET sells 2023-01-31 09:52:36Z. Number of results 0
STORAGE :: DEBUG – Received request to GET sells 2023-01-31 09:52:36Z. Number of results 0
STORAGE :: DEBUG – Received request to GET sells 2023-01-31 09:52:41Z. Number of results 0
STORAGE :: DEBUG – Received request to GET sells 2023-01-31 09:52:41Z. Number of results 0
STORAGE :: DEBUG – Received request to GET sells 2023-01-31. Number of results 5
STORAGE :: DEBUG – Received request to GET sells 2023-01-31 09:52:36Z. Number of results 0
STORAGE :: DEBUG – Received request to GET sells 2023-01-31%T2009:52:36Z. Number of results 0
STORAGE :: DEBUG – Received request to GET sells 2023-01-31T2009:52:36Z. Number of results 0
STORAGE :: DEBUG – Received request to GET sells 2023-01-31. Number of results 5
STORAGE :: DEBUG – Received request to GET sells 2023-01-31 09:55:17Z. Number of results 0
STORAGE :: DEBUG – Received request to GET sells 2023-01-31 09:55:17Z. Number of results 0
STORAGE :: DEBUG – Received request to GET sells 2023-01-31 09:55:22Z. Number of results 0
STORAGE :: DEBUG – Received request to GET sells 2023-01-31 09:55:22Z. Number of results 0
STORAGE :: DEBUG – Received request to GET sells 2023-01-31 09:55:27Z. Number of results 0
STORAGE :: DEBUG – Received request to GET sells 2023-01-31 09:55:27Z. Number of results 0
STORAGE :: DEBUG – Received request to GET sells '2023-01-31 09:55:54Z'. Number of results 3
STORAGE :: DEBUG – Received request to GET sells '2023-01-31 09:55:54Z'. Number of results 8
STORAGE :: DEBUG – Received request to GET sells '2023-01-31 09:55:59Z'. Number of results 3
STORAGE :: DEBUG – Received request to GET sells '2023-01-31 09:55:59Z'. Number of results 8
STORAGE :: DEBUG – Received request to GET sells '2023-01-31 09:56:04Z'. Number of results 3
STORAGE :: DEBUG – Received request to GET sells '2023-01-31 09:56:04Z'. Number of results 8
STORAGE :: DEBUG – Received request to GET sells '2023-01-31 09:56:09Z'. Number of results 3
STORAGE :: DEBUG – Received request to GET sells '2023-01-31 09:56:09Z'. Number of results 8
STORAGE :: DEBUG – Received request to GET sells '2023-01-31 09:56:14Z'. Number of results 3
STORAGE :: DEBUG – Received request to GET sells '2023-01-31 09:56:14Z'. Number of results 8
STORAGE :: DEBUG – Received request to GET sells '2023-01-31 09:56:19Z'. Number of results 3
STORAGE :: DEBUG – Received request to GET sells '2023-01-31 09:56:19Z'. Number of results 8
STORAGE :: DEBUG – Received request to GET sells '2023-01-31 09:56:24Z'. Number of results 3
STORAGE :: DEBUG – Received request to GET sells '2023-01-31 09:56:24Z'. Number of results 8
STORAGE :: DEBUG – Received request to GET sells '2023-01-31 09:56:29Z'. Number of results 3
STORAGE :: DEBUG – Received request to GET sells '2023-01-31 09:56:29Z'. Number of results 8
STORAGE :: DEBUG – Received request to GET sells '2023-01-31 09:56:34Z'. Number of results 3
STORAGE :: DEBUG – Received request to GET sells '2023-01-31 09:56:34Z'. Number of results 8
STORAGE :: DEBUG – Received request to GET sells '2023-01-31 09:56:39Z'. Number of results 3
STORAGE :: DEBUG – Received request to GET sells '2023-01-31 09:56:39Z'. Number of results 8
STORAGE :: DEBUG – Received request to GET sells '2023-01-31 09:56:44Z'. Number of results 3
STORAGE :: DEBUG – Received request to GET sells '2023-01-31 09:56:44Z'. Number of results 8
STORAGE :: DEBUG – Received request to GET sells '2023-01-31 09:56:49Z'. Number of results 3
STORAGE :: DEBUG – Received request to GET sells '2023-01-31 09:56:49Z'. Number of results 8
STORAGE :: DEBUG – Received request to GET sells '2023-01-31 09:56:54Z'. Number of results 3
STORAGE :: DEBUG – Received request to GET sells '2023-01-31 09:56:54Z'. Number of results 8
STORAGE :: DEBUG – Received request to GET sells '2023-01-31 09:56:59Z'. Number of results 3
STORAGE :: DEBUG – Received request to GET sells '2023-01-31 09:56:59Z'. Number of results 8
STORAGE :: DEBUG – Received request to GET sells '2023-01-31 10:18:46Z'. Number of results 3
STORAGE :: DEBUG – Received request to GET sells '2023-01-31 10:18:46Z'. Number of results 8
STORAGE :: DEBUG – Received request to GET sells '2023-01-31 10:18:51Z'. Number of results 3
STORAGE :: DEBUG – Received request to GET sells '2023-01-31 10:18:51Z'. Number of results 8
STORAGE :: DEBUG – Received request to GET sells '2023-01-31 10:19:17Z'. Number of results 3
STORAGE :: DEBUG – Received request to GET sells '2023-01-31 10:19:17Z'. Number of results 8
STORAGE :: DEBUG – Received request to GET sells '2023-01-31 10:19:22Z'. Number of results 3
STORAGE :: DEBUG – Received request to GET sells '2023-01-31 10:19:22Z'. Number of results 8
STORAGE :: DEBUG – Received request to GET sells '2023-01-31 10:19:33Z'. Number of results 3
STORAGE :: DEBUG – Received request to GET sells '2023-01-31 10:19:33Z'. Number of results 8
STORAGE :: DEBUG – Received request to GET sells '2023-01-31 10:19:38Z'. Number of results 3
STORAGE :: DEBUG – Received request to GET sells '2023-01-31 10:19:38Z'. Number of results 8
STORAGE :: DEBUG – Received request to GET sells '2023-01-31 10:27:30Z'. Number of results 3
STORAGE :: DEBUG – Received request to GET sells '2023-01-31 10:27:30Z'. Number of results 8
STORAGE :: DEBUG – Received request to GET sells '2023-01-31 10:27:35Z'. Number of results 3
STORAGE :: DEBUG – Received request to GET sells '2023-01-31 10:27:35Z'. Number of results 8
STORAGE :: DEBUG – Received request to GET sells '2023-01-31 10:27:40Z'. Number of results 3
STORAGE :: DEBUG – Received request to GET sells '2023-01-31 10:27:40Z'. Number of results 8
STORAGE :: DEBUG – Received request to GET sells '2023-01-31 10:28:01Z'. Number of results 3
STORAGE :: DEBUG – Received request to GET sells '2023-01-31 10:28:01Z'. Number of results 8
STORAGE :: DEBUG – Received request to GET sells '2023-01-31 10:28:06Z'. Number of results 3
STORAGE :: DEBUG – Received request to GET sells '2023-01-31 10:28:06Z'. Number of results 8
STORAGE :: DEBUG – Received request to GET sells '2023-01-31 10:28:11Z'. Number of results 3
STORAGE :: DEBUG – Received request to GET sells '2023-01-31 10:28:11Z'. Number of results 8
STORAGE :: DEBUG – Received request to GET sells '2023-01-31 10:28:16Z'. Number of results 3
STORAGE :: DEBUG – Received request to GET sells '2023-01-31 10:28:16Z'. Number of results 8
STORAGE :: DEBUG – Received request to GET sells '2023-01-31 10:28:21Z'. Number of results 3
STORAGE :: DEBUG – Received request to GET sells '2023-01-31 10:28:21Z'. Number of results 8
STORAGE :: DEBUG – Received request to GET sells '2023-01-31 10:28:26Z'. Number of results 3
STORAGE :: DEBUG – Received request to GET sells '2023-01-31 10:28:26Z'. Number of results 8
STORAGE :: DEBUG – Received request to GET sells '2023-01-31 10:28:31Z'. Number of results 3
STORAGE :: DEBUG – Received request to GET sells '2023-01-31 10:28:31Z'. Number of results 8
STORAGE :: DEBUG – Received request to GET sells '2023-01-31 10:28:36Z'. Number of results 3
STORAGE :: DEBUG – Received request to GET sells '2023-01-31 10:28:36Z'. Number of results 8
STORAGE :: DEBUG – Received request to GET sells '2023-01-31 10:28:41Z'. Number of results 3
STORAGE :: DEBUG – Received request to GET sells '2023-01-31 10:28:41Z'. Number of results 8
STORAGE :: DEBUG – Received request to GET sells '2023-01-31 10:28:46Z'. Number of results 3
STORAGE :: DEBUG – Received request to GET sells '2023-01-31 10:28:46Z'. Number of results 8
STORAGE :: DEBUG – Received request to GET sells '2023-01-31 10:28:51Z'. Number of results 3
STORAGE :: DEBUG – Received request to GET sells '2023-01-31 10:28:51Z'. Number of results 8
STORAGE :: DEBUG – Received request to GET sells '2023-01-31 10:28:56Z'. Number of results 3
STORAGE :: DEBUG – Received request to GET sells '2023-01-31 10:28:56Z'. Number of results 8
STORAGE :: DEBUG – Received request to GET sells '2023-01-31 10:29:01Z'. Number of results 3
STORAGE :: DEBUG – Received request to GET sells '2023-01-31 10:29:01Z'. Number of results 8
STORAGE :: DEBUG – Received request to GET sells '2023-01-31 10:29:06Z'. Number of results 3
STORAGE :: DEBUG – Received request to GET sells '2023-01-31 10:29:06Z'. Number of results 8
STORAGE :: DEBUG – Received request to GET sells '2023-01-31 10:29:11Z'. Number of results 3
STORAGE :: DEBUG – Received request to GET sells '2023-01-31 10:29:11Z'. Number of results 8
STORAGE :: DEBUG – Received request to GET sells '2023-01-31 10:29:16Z'. Number of results 3
STORAGE :: DEBUG – Received request to GET sells '2023-01-31 10:29:16Z'. Number of results 8
STORAGE :: DEBUG – Received request to GET sells '2023-01-31 10:29:21Z'. Number of results 3
STORAGE :: DEBUG – Received request to GET sells '2023-01-31 10:29:21Z'. Number of results 8
STORAGE :: DEBUG – Received request to GET sells '2023-01-31 10:29:26Z'. Number of results 3
STORAGE :: DEBUG – Received request to GET sells '2023-01-31 10:29:26Z'. Number of results 8
STORAGE :: DEBUG – Received request to GET sells '2023-01-31 10:29:31Z'. Number of results 3
STORAGE :: DEBUG – Received request to GET sells '2023-01-31 10:29:31Z'. Number of results 8
STORAGE :: DEBUG – Received request to GET sells '2023-01-31 10:29:36Z'. Number of results 3
STORAGE :: DEBUG – Received request to GET sells '2023-01-31 10:29:36Z'. Number of results 8
STORAGE :: DEBUG – Received request to GET sells '2023-01-31 10:29:41Z'. Number of results 3
STORAGE :: DEBUG – Received request to GET sells '2023-01-31 10:29:41Z'. Number of results 8
STORAGE :: DEBUG – Received request to GET sells '2023-01-31 10:29:46Z'. Number of results 3
STORAGE :: DEBUG – Received request to GET sells '2023-01-31 10:29:46Z'. Number of results 8
STORAGE :: DEBUG – Received request to GET sells '2023-01-31 10:29:51Z'. Number of results 3
STORAGE :: DEBUG – Received request to GET sells '2023-01-31 10:29:51Z'. Number of results 8
STORAGE :: DEBUG – Received request to GET sells '2023-01-31 10:30:23Z'. Number of results 3
STORAGE :: DEBUG – Received request to GET sells '2023-01-31 10:30:23Z'. Number of results 8
STORAGE :: DEBUG – Received request to GET sells '2023-01-31 10:30:28Z'. Number of results 3
STORAGE :: DEBUG – Received request to GET sells '2023-01-31 10:30:28Z'. Number of results 8
STORAGE :: DEBUG – Received request to GET sells '2023-01-31 10:30:33Z'. Number of results 3
STORAGE :: DEBUG – Received request to GET sells '2023-01-31 10:30:33Z'. Number of results 8
STORAGE :: DEBUG – Received request to GET sells '2023-01-31 10:30:38Z'. Number of results 3
STORAGE :: DEBUG – Received request to GET sells '2023-01-31 10:30:38Z'. Number of results 8
STORAGE :: DEBUG – Received request to GET sells '2023-01-31 10:30:43Z'. Number of results 3
STORAGE :: DEBUG – Received request to GET sells '2023-01-31 10:30:43Z'. Number of results 8
STORAGE :: DEBUG – Received request to GET sells '2023-01-31 10:31:17Z'. Number of results 3
STORAGE :: DEBUG – Received request to GET sells '2023-01-31 10:31:17Z'. Number of results 8
STORAGE :: DEBUG – Received request to GET sells '2023-01-31 10:31:22Z'. Number of results 3
STORAGE :: DEBUG – Received request to GET sells '2023-01-31 10:31:22Z'. Number of results 8
STORAGE :: DEBUG – Received request to GET sells '2023-01-31 10:31:27Z'. Number of results 3
STORAGE :: DEBUG – Received request to GET sells '2023-01-31 10:31:27Z'. Number of results 8
STORAGE :: DEBUG – Received request to GET sells '2023-01-31 10:31:32Z'. Number of results 3
STORAGE :: DEBUG – Received request to GET sells '2023-01-31 10:31:32Z'. Number of results 8
STORAGE :: DEBUG – Received request to GET sells '2023-01-31 10:31:37Z'. Number of results 3
STORAGE :: DEBUG – Received request to GET sells '2023-01-31 10:31:37Z'. Number of results 8
STORAGE :: DEBUG – Received request to GET sells '2023-01-31 10:31:42Z'. Number of results 3
STORAGE :: DEBUG – Received request to GET sells '2023-01-31 10:31:42Z'. Number of results 8
STORAGE :: DEBUG – Received request to GET sells '2023-01-31 10:31:47Z'. Number of results 3
STORAGE :: DEBUG – Received request to GET sells '2023-01-31 10:31:47Z'. Number of results 8
STORAGE :: DEBUG – Received request to GET sells '2023-01-31 10:31:52Z'. Number of results 3
STORAGE :: DEBUG – Received request to GET sells '2023-01-31 10:31:52Z'. Number of results 8
STORAGE :: DEBUG – Received request to GET sells '2023-01-31 10:31:57Z'. Number of results 3
STORAGE :: DEBUG – Received request to GET sells '2023-01-31 10:31:57Z'. Number of results 8
STORAGE :: DEBUG – Received request to GET sells '2023-01-31 10:32:02Z'. Number of results 3
STORAGE :: DEBUG – Received request to GET sells '2023-01-31 10:32:02Z'. Number of results 8
STORAGE :: DEBUG – Received request to GET sells '2023-01-31 10:32:07Z'. Number of results 3
STORAGE :: DEBUG – Received request to GET sells '2023-01-31 10:32:07Z'. Number of results 8
STORAGE :: DEBUG – Received request to GET sells '2023-01-31 10:32:12Z'. Number of results 3
STORAGE :: DEBUG – Received request to GET sells '2023-01-31 10:32:12Z'. Number of results 8
STORAGE :: DEBUG – Received request to GET sells '2023-01-31 10:32:23Z'. Number of results 3
STORAGE :: DEBUG – Received request to GET sells '2023-01-31 10:32:23Z'. Number of results 8
STORAGE :: DEBUG – Received request to GET sells '2023-01-31 10:32:28Z'. Number of results 3
STORAGE :: DEBUG – Received request to GET sells '2023-01-31 10:32:28Z'. Number of results 8
STORAGE :: DEBUG – Received request to GET sells '2023-01-31 10:32:33Z'. Number of results 3
STORAGE :: DEBUG – Received request to GET sells '2023-01-31 10:32:33Z'. Number of results 8
STORAGE :: DEBUG – Received request to GET sells '2023-01-31 10:32:38Z'. Number of results 3
STORAGE :: DEBUG – Received request to GET sells '2023-01-31 10:32:38Z'. Number of results 8
STORAGE :: DEBUG – Received request to GET sells '2023-01-31 10:32:43Z'. Number of results 3
STORAGE :: DEBUG – Received request to GET sells '2023-01-31 10:32:43Z'. Number of results 8
STORAGE :: DEBUG – Received request to GET sells '2023-01-31 10:32:48Z'. Number of results 3
STORAGE :: DEBUG – Received request to GET sells '2023-01-31 10:32:48Z'. Number of results 8
STORAGE :: DEBUG – Received request to GET sells '2023-01-31 10:32:53Z'. Number of results 3
STORAGE :: DEBUG – Received request to GET sells '2023-01-31 10:32:53Z'. Number of results 8
STORAGE :: DEBUG – Received request to GET sells '2023-01-31 10:33:24Z'. Number of results 3
STORAGE :: DEBUG – Received request to GET sells '2023-01-31 10:33:24Z'. Number of results 8
STORAGE :: DEBUG – Received request to GET sells '2023-01-31 10:33:29Z'. Number of results 3
STORAGE :: DEBUG – Received request to GET sells '2023-01-31 10:33:29Z'. Number of results 8
STORAGE :: DEBUG – Received request to GET sells '2023-01-31 10:33:34Z'. Number of results 3
STORAGE :: DEBUG – Received request to GET sells '2023-01-31 10:33:34Z'. Number of results 8
STORAGE :: DEBUG – Received request to GET sells '2023-01-31 10:33:39Z'. Number of results 3
STORAGE :: DEBUG – Received request to GET sells '2023-01-31 10:33:39Z'. Number of results 8
STORAGE :: DEBUG – Received request to GET sells '2023-01-31 10:33:44Z'. Number of results 3
STORAGE :: DEBUG – Received request to GET sells '2023-01-31 10:33:44Z'. Number of results 8
STORAGE :: DEBUG – Received request to GET sells '2023-01-31 10:33:49Z'. Number of results 3
STORAGE :: DEBUG – Received request to GET sells '2023-01-31 10:33:49Z'. Number of results 8
STORAGE :: DEBUG – Received request to GET sells '2023-01-31 10:33:54Z'. Number of results 3
STORAGE :: DEBUG – Received request to GET sells '2023-01-31 10:33:54Z'. Number of results 8
STORAGE :: DEBUG – Received request to GET sells '2023-01-31 10:33:59Z'. Number of results 3
STORAGE :: DEBUG – Received request to GET sells '2023-01-31 10:33:59Z'. Number of results 8
STORAGE :: DEBUG – Received request to GET sells '2023-01-31 10:34:04Z'. Number of results 3
STORAGE :: DEBUG – Received request to GET sells '2023-01-31 10:34:04Z'. Number of results 8
STORAGE :: DEBUG – Received request to GET sells '2023-01-31 10:34:09Z'. Number of results 3
STORAGE :: DEBUG – Received request to GET sells '2023-01-31 10:34:09Z'. Number of results 8
STORAGE :: DEBUG – Received request to GET sells '2023-01-31 10:34:14Z'. Number of results 3
STORAGE :: DEBUG – Received request to GET sells '2023-01-31 10:34:14Z'. Number of results 8
STORAGE :: DEBUG – Received request to GET sells '2023-01-31 10:34:19Z'. Number of results 3
STORAGE :: DEBUG – Received request to GET sells '2023-01-31 10:34:19Z'. Number of results 8
STORAGE :: DEBUG – Received request to GET sells '2023-01-31 10:34:24Z'. Number of results 3
STORAGE :: DEBUG – Received request to GET sells '2023-01-31 10:34:24Z'. Number of results 8
STORAGE :: DEBUG – Received request to GET sells '2023-01-31 10:34:29Z'. Number of results 3
STORAGE :: DEBUG – Received request to GET sells '2023-01-31 10:34:29Z'. Number of results 8
STORAGE :: DEBUG – Received request to GET sells '2023-01-31 10:34:34Z'. Number of results 3
STORAGE :: DEBUG – Received request to GET sells '2023-01-31 10:34:34Z'. Number of results 8
STORAGE :: DEBUG – Received request to GET sells '2023-01-31 10:34:39Z'. Number of results 3
STORAGE :: DEBUG – Received request to GET sells '2023-01-31 10:34:39Z'. Number of results 8
STORAGE :: DEBUG – Received request to GET sells '2023-01-31 10:42:00Z'. Number of results 3
STORAGE :: DEBUG – Received request to GET sells '2023-01-31 10:42:00Z'. Number of results 9
STORAGE :: DEBUG – Received request to GET sells '2023-01-31 10:42:05Z'. Number of results 3
STORAGE :: DEBUG – Received request to GET sells '2023-01-31 10:42:05Z'. Number of results 9
STORAGE :: DEBUG – Received request to GET sells '2023-01-31 10:42:10Z'. Number of results 3
STORAGE :: DEBUG – Received request to GET sells '2023-01-31 10:42:10Z'. Number of results 9
STORAGE :: DEBUG – Received request to GET sells '2023-01-31 10:42:15Z'. Number of results 3
STORAGE :: DEBUG – Received request to GET sells '2023-01-31 10:42:15Z'. Number of results 9
STORAGE :: DEBUG – Received request to GET sells '2023-01-31 10:42:20Z'. Number of results 3
STORAGE :: DEBUG – Received request to GET sells '2023-01-31 10:42:20Z'. Number of results 9
STORAGE :: DEBUG – Received request to GET sells '2023-01-31 10:42:25Z'. Number of results 3
STORAGE :: DEBUG – Received request to GET sells '2023-01-31 10:42:25Z'. Number of results 9
STORAGE :: DEBUG – Received request to GET sells '2023-01-31 10:42:30Z'. Number of results 3
STORAGE :: DEBUG – Received request to GET sells '2023-01-31 10:42:30Z'. Number of results 9
STORAGE :: DEBUG – Received request to GET sells '2023-01-31 10:42:35Z'. Number of results 3
STORAGE :: DEBUG – Received request to GET sells '2023-01-31 10:42:35Z'. Number of results 9
STORAGE :: DEBUG – Received request to GET sells '2023-01-31 10:42:40Z'. Number of results 3
STORAGE :: DEBUG – Received request to GET sells '2023-01-31 10:42:40Z'. Number of results 9
STORAGE :: DEBUG – Received request to GET sells '2023-01-31 10:42:45Z'. Number of results 3
STORAGE :: DEBUG – Received request to GET sells '2023-01-31 10:42:45Z'. Number of results 9
STORAGE :: DEBUG – Received request to GET sells '2023-01-31 10:42:50Z'. Number of results 3
STORAGE :: DEBUG – Received request to GET sells '2023-01-31 10:42:50Z'. Number of results 9
STORAGE :: DEBUG – Received request to GET sells '2023-01-31 10:42:55Z'. Number of results 3
STORAGE :: DEBUG – Received request to GET sells '2023-01-31 10:42:55Z'. Number of results 9
STORAGE :: DEBUG – Received request to GET sells '2023-01-31 13:27:56Z'. Number of results 3
STORAGE :: DEBUG – Received request to GET sells '2023-01-31 13:27:56Z'. Number of results 9
STORAGE :: DEBUG – Received request to GET sells '2023-01-31 13:28:01Z'. Number of results 3
STORAGE :: DEBUG – Received request to GET sells '2023-01-31 13:28:01Z'. Number of results 9
STORAGE :: DEBUG – Received request to GET sells '2023-01-31 13:28:06Z'. Number of results 3
STORAGE :: DEBUG – Received request to GET sells '2023-01-31 13:28:06Z'. Number of results 9
STORAGE :: DEBUG – Received request to GET sells '2023-03-21 14:58:48Z'. Number of results 3
STORAGE :: DEBUG – Received request to GET sells '2023-03-21 14:58:48Z'. Number of results 9
STORAGE :: DEBUG – Received request to GET sells '2023-03-21 14:58:58Z'. Number of results 3
STORAGE :: DEBUG – Received request to GET sells '2023-03-21 14:58:58Z'. Number of results 9
STORAGE :: DEBUG – Received request to GET sells '2023-03-21 14:59:03Z'. Number of results 3
STORAGE :: DEBUG – Received request to GET sells '2023-03-21 14:59:03Z'. Number of results 9
STORAGE :: DEBUG – Received request to GET sells '2023-03-21 14:59:08Z'. Number of results 3
STORAGE :: DEBUG – Received request to GET sells '2023-03-21 14:59:08Z'. Number of results 9
STORAGE :: DEBUG – Received request to GET sells '2023-03-21 14:59:13Z'. Number of results 3
STORAGE :: DEBUG – Received request to GET sells '2023-03-21 14:59:13Z'. Number of results 9
STORAGE :: DEBUG – Received request to GET sells '2023-03-21 14:59:18Z'. Number of results 3
STORAGE :: DEBUG – Received request to GET sells '2023-03-21 14:59:18Z'. Number of results 9
STORAGE :: DEBUG – Received request to GET sells '2023-03-21 14:59:23Z'. Number of results 3
STORAGE :: DEBUG – Received request to GET sells '2023-03-21 14:59:23Z'. Number of results 9
STORAGE :: DEBUG – Received request to GET sells '2023-03-21 14:59:28Z'. Number of results 3
STORAGE :: DEBUG – Received request to GET sells '2023-03-21 14:59:28Z'. Number of results 9
STORAGE :: DEBUG – Received request to GET sells '2023-03-21 14:59:33Z'. Number of results 3
STORAGE :: DEBUG – Received request to GET sells '2023-03-21 14:59:33Z'. Number of results 9
STORAGE :: DEBUG – Received request to GET sells '2023-03-21 14:59:38Z'. Number of results 3
STORAGE :: DEBUG – Received request to GET sells '2023-03-21 14:59:38Z'. Number of results 9
STORAGE :: DEBUG – Received request to GET sells '2023-03-21 14:59:43Z'. Number of results 3
STORAGE :: DEBUG – Received request to GET sells '2023-03-21 14:59:43Z'. Number of results 9
STORAGE :: DEBUG – Received request to GET sells '2023-03-21 14:59:48Z'. Number of results 3
STORAGE :: DEBUG – Received request to GET sells '2023-03-21 14:59:48Z'. Number of results 9
STORAGE :: DEBUG – Received request to GET sells '2023-03-21 14:59:53Z'. Number of results 3
STORAGE :: DEBUG – Received request to GET sells '2023-03-21 14:59:53Z'. Number of results 9
STORAGE :: DEBUG – Received request to GET sells '2023-03-21 15:00:45Z'. Number of results 3
STORAGE :: DEBUG – Received request to GET sells '2023-03-21 15:00:45Z'. Number of results 9
STORAGE :: DEBUG – Received request to GET sells '2023-03-21 15:00:50Z'. Number of results 3
STORAGE :: DEBUG – Received request to GET sells '2023-03-21 15:00:50Z'. Number of results 9
STORAGE :: DEBUG – Received request to GET sells '2023-03-21 15:00:55Z'. Number of results 3
STORAGE :: DEBUG – Received request to GET sells '2023-03-21 15:00:55Z'. Number of results 9
STORAGE :: DEBUG – Received request to GET sells '2023-03-21 15:01:00Z'. Number of results 3
STORAGE :: DEBUG – Received request to GET sells '2023-03-21 15:01:00Z'. Number of results 9
STORAGE :: DEBUG – Received request to GET sells '2023-03-21 15:01:05Z'. Number of results 3
STORAGE :: DEBUG – Received request to GET sells '2023-03-21 15:01:05Z'. Number of results 9
STORAGE :: DEBUG – Received request to GET sells '2023-03-21 15:01:10Z'. Number of results 3
STORAGE :: DEBUG – Received request to GET sells '2023-03-21 15:01:10Z'. Number of results 9
STORAGE :: DEBUG – Received request to GET sells '2023-03-21 15:01:15Z'. Number of results 3
STORAGE :: DEBUG – Received request to GET sells '2023-03-21 15:01:15Z'. Number of results 9
STORAGE :: DEBUG – Received request to GET sells '2023-03-21 15:01:20Z'. Number of results 3
STORAGE :: DEBUG – Received request to GET sells '2023-03-21 15:01:20Z'. Number of results 9
STORAGE :: DEBUG – Received request to GET sells '2023-03-21 15:01:25Z'. Number of results 3
STORAGE :: DEBUG – Received request to GET sells '2023-03-21 15:01:25Z'. Number of results 9
STORAGE :: DEBUG – Received request to GET sells '2023-03-21 15:01:30Z'. Number of results 3
STORAGE :: DEBUG – Received request to GET sells '2023-03-21 15:01:30Z'. Number of results 9
STORAGE :: DEBUG – Received request to GET sells '2023-03-21 15:01:35Z'. Number of results 3
STORAGE :: DEBUG – Received request to GET sells '2023-03-21 15:01:35Z'. Number of results 9
STORAGE :: DEBUG – Received request to GET sells '2023-03-21 15:01:40Z'. Number of results 3
STORAGE :: DEBUG – Received request to GET sells '2023-03-21 15:01:40Z'. Number of results 9
STORAGE :: DEBUG – Received request to GET sells '2023-03-21 15:01:45Z'. Number of results 3
STORAGE :: DEBUG – Received request to GET sells '2023-03-21 15:01:45Z'. Number of results 9
STORAGE :: DEBUG – Received request to GET sells '2023-03-21 15:01:50Z'. Number of results 3
STORAGE :: DEBUG – Received request to GET sells '2023-03-21 15:01:50Z'. Number of results 9
STORAGE :: DEBUG – Received request to GET sells '2023-03-21 15:01:55Z'. Number of results 3
STORAGE :: DEBUG – Received request to GET sells '2023-03-21 15:01:55Z'. Number of results 9
STORAGE :: DEBUG – Received request to GET sells '2023-03-21 15:02:00Z'. Number of results 3
STORAGE :: DEBUG – Received request to GET sells '2023-03-21 15:02:00Z'. Number of results 9
STORAGE :: DEBUG – Received request to GET sells '2023-03-21 15:02:05Z'. Number of results 3
STORAGE :: DEBUG – Received request to GET sells '2023-03-21 15:02:05Z'. Number of results 9
STORAGE :: DEBUG – Received request to GET sells '2023-03-21 15:02:10Z'. Number of results 3
STORAGE :: DEBUG – Received request to GET sells '2023-03-21 15:02:10Z'. Number of results 9
STORAGE :: DEBUG – Received request to GET sells '2023-03-21 15:02:15Z'. Number of results 3
STORAGE :: DEBUG – Received request to GET sells '2023-03-21 15:02:15Z'. Number of results 9
STORAGE :: DEBUG – Received request to GET sells '2023-03-21 15:02:20Z'. Number of results 3
STORAGE :: DEBUG – Received request to GET sells '2023-03-21 15:02:20Z'. Number of results 9
STORAGE :: DEBUG – Received request to GET sells '2023-03-21 15:02:25Z'. Number of results 3
STORAGE :: DEBUG – Received request to GET sells '2023-03-21 15:02:25Z'. Number of results 9
STORAGE :: DEBUG – Received request to GET sells '2023-03-21 15:02:30Z'. Number of results 3
STORAGE :: DEBUG – Received request to GET sells '2023-03-21 15:02:30Z'. Number of results 9
STORAGE :: DEBUG – Received request to GET sells '2023-03-21 15:02:35Z'. Number of results 3
STORAGE :: DEBUG – Received request to GET sells '2023-03-21 15:02:35Z'. Number of results 9
STORAGE :: DEBUG – Received request to GET sells '2023-03-21 15:02:40Z'. Number of results 3
STORAGE :: DEBUG – Received request to GET sells '2023-03-21 15:02:40Z'. Number of results 9
STORAGE :: DEBUG – Received request to GET sells '2023-03-21 15:02:45Z'. Number of results 3
STORAGE :: DEBUG – Received request to GET sells '2023-03-21 15:02:45Z'. Number of results 9
STORAGE :: DEBUG – Received request to GET sells '2023-03-21 15:02:50Z'. Number of results 3
STORAGE :: DEBUG – Received request to GET sells '2023-03-21 15:02:50Z'. Number of results 9
STORAGE :: DEBUG – Received request to GET sells '2023-03-21 15:02:55Z'. Number of results 3
STORAGE :: DEBUG – Received request to GET sells '2023-03-21 15:02:55Z'. Number of results 9
STORAGE :: DEBUG – Received request to GET sells '2023-03-21 15:03:00Z'. Number of results 3
STORAGE :: DEBUG – Received request to GET sells '2023-03-21 15:03:00Z'. Number of results 9
STORAGE :: DEBUG – Received request to GET sells '2023-03-21 15:03:05Z'. Number of results 3
STORAGE :: DEBUG – Received request to GET sells '2023-03-21 15:03:05Z'. Number of results 9
STORAGE :: DEBUG – Received request to GET sells '2023-03-21 15:03:10Z'. Number of results 3
STORAGE :: DEBUG – Received request to GET sells '2023-03-21 15:03:10Z'. Number of results 9
STORAGE :: DEBUG – Received request to GET sells '2023-03-21 15:03:15Z'. Number of results 3
STORAGE :: DEBUG – Received request to GET sells '2023-03-21 15:03:15Z'. Number of results 9
STORAGE :: DEBUG – Received request to GET sells '2023-03-21 15:03:20Z'. Number of results 3
STORAGE :: DEBUG – Received request to GET sells '2023-03-21 15:03:20Z'. Number of results 9
STORAGE :: DEBUG – Received request to GET sells '2023-03-21 15:03:25Z'. Number of results 3
STORAGE :: DEBUG – Received request to GET sells '2023-03-21 15:03:25Z'. Number of results 9
STORAGE :: DEBUG – Received request to GET sells '2023-03-21 15:03:30Z'. Number of results 3
STORAGE :: DEBUG – Received request to GET sells '2023-03-21 15:03:30Z'. Number of results 9
STORAGE :: DEBUG – Received request to GET sells '2023-03-21 15:03:35Z'. Number of results 3
STORAGE :: DEBUG – Received request to GET sells '2023-03-21 15:03:35Z'. Number of results 9
STORAGE :: DEBUG – Received request to GET sells '2023-03-21 15:03:40Z'. Number of results 3
STORAGE :: DEBUG – Received request to GET sells '2023-03-21 15:03:40Z'. Number of results 9
STORAGE :: DEBUG – Received request to GET sells '2023-03-21 15:03:45Z'. Number of results 3
STORAGE :: DEBUG – Received request to GET sells '2023-03-21 15:03:45Z'. Number of results 9
STORAGE :: DEBUG – Received request to GET sells '2023-03-21 15:03:50Z'. Number of results 3
STORAGE :: DEBUG – Received request to GET sells '2023-03-21 15:03:50Z'. Number of results 9
STORAGE :: DEBUG – Received request to GET sells '2023-03-21 15:03:55Z'. Number of results 3
STORAGE :: DEBUG – Received request to GET sells '2023-03-21 15:03:55Z'. Number of results 9
STORAGE :: DEBUG – Received request to GET sells '2023-03-21 15:04:00Z'. Number of results 3
STORAGE :: DEBUG – Received request to GET sells '2023-03-21 15:04:00Z'. Number of results 9
STORAGE :: DEBUG – Received request to GET sells '2023-03-21 15:04:05Z'. Number of results 3
STORAGE :: DEBUG – Received request to GET sells '2023-03-21 15:04:05Z'. Number of results 9
STORAGE :: DEBUG – Received request to GET sells '2023-03-21 15:04:10Z'. Number of results 3
STORAGE :: DEBUG – Received request to GET sells '2023-03-21 15:04:10Z'. Number of results 9
STORAGE :: DEBUG – Received request to GET sells '2023-03-21 15:04:15Z'. Number of results 3
STORAGE :: DEBUG – Received request to GET sells '2023-03-21 15:04:15Z'. Number of results 9
STORAGE :: DEBUG – Received request to GET sells '2023-03-21 15:04:20Z'. Number of results 3
STORAGE :: DEBUG – Received request to GET sells '2023-03-21 15:04:20Z'. Number of results 9
STORAGE :: DEBUG – Received request to GET sells '2023-03-21 15:04:25Z'. Number of results 3
STORAGE :: DEBUG – Received request to GET sells '2023-03-21 15:04:25Z'. Number of results 9
STORAGE :: DEBUG – Received request to GET sells '2023-03-21 15:04:30Z'. Number of results 3
STORAGE :: DEBUG – Received request to GET sells '2023-03-21 15:04:30Z'. Number of results 9
STORAGE :: DEBUG – Received request to GET sells '2023-03-21 15:04:35Z'. Number of results 3
STORAGE :: DEBUG – Received request to GET sells '2023-03-21 15:04:35Z'. Number of results 9
STORAGE :: DEBUG – Received request to GET sells '2023-03-21 15:04:40Z'. Number of results 3
STORAGE :: DEBUG – Received request to GET sells '2023-03-21 15:04:40Z'. Number of results 10
STORAGE :: DEBUG – Received request to GET sells '2023-03-21 15:04:45Z'. Number of results 3
STORAGE :: DEBUG – Received request to GET sells '2023-03-21 15:04:45Z'. Number of results 10
STORAGE :: DEBUG – Received request to GET sells '2023-03-21 15:04:50Z'. Number of results 3
STORAGE :: DEBUG – Received request to GET sells '2023-03-21 15:04:50Z'. Number of results 10
STORAGE :: DEBUG – Received request to GET sells '2023-03-21 15:04:55Z'. Number of results 3
STORAGE :: DEBUG – Received request to GET sells '2023-03-21 15:04:55Z'. Number of results 10
STORAGE :: DEBUG – Received request to GET sells '2023-03-21 15:05:00Z'. Number of results 3
STORAGE :: DEBUG – Received request to GET sells '2023-03-21 15:05:00Z'. Number of results 10
STORAGE :: DEBUG – Received request to GET sells '2023-03-21 15:05:05Z'. Number of results 3
STORAGE :: DEBUG – Received request to GET sells '2023-03-21 15:05:05Z'. Number of results 10
STORAGE :: DEBUG – Received request to GET sells '2023-03-21 15:05:10Z'. Number of results 3
STORAGE :: DEBUG – Received request to GET sells '2023-03-21 15:05:10Z'. Number of results 10
STORAGE :: DEBUG – Received request to GET sells '2023-03-21 15:05:15Z'. Number of results 3
STORAGE :: DEBUG – Received request to GET sells '2023-03-21 15:05:15Z'. Number of results 10
STORAGE :: DEBUG – Received request to GET sells '2023-03-21 15:05:20Z'. Number of results 3
STORAGE :: DEBUG – Received request to GET sells '2023-03-21 15:05:20Z'. Number of results 10
STORAGE :: DEBUG – Received request to GET sells '2023-03-21 15:05:25Z'. Number of results 3
STORAGE :: DEBUG – Received request to GET sells '2023-03-21 15:05:25Z'. Number of results 10
STORAGE :: DEBUG – Received request to GET sells '2023-03-21 15:05:30Z'. Number of results 3
STORAGE :: DEBUG – Received request to GET sells '2023-03-21 15:05:30Z'. Number of results 10
STORAGE :: DEBUG – Received request to GET sells '2023-03-21 15:05:35Z'. Number of results 3
STORAGE :: DEBUG – Received request to GET sells '2023-03-21 15:05:35Z'. Number of results 10
STORAGE :: DEBUG – Received request to GET sells '2023-03-21 15:05:40Z'. Number of results 3
STORAGE :: DEBUG – Received request to GET sells '2023-03-21 15:05:40Z'. Number of results 10
STORAGE :: DEBUG – Received request to GET sells '2023-03-21 15:05:45Z'. Number of results 3
STORAGE :: DEBUG – Received request to GET sells '2023-03-21 15:05:45Z'. Number of results 10
STORAGE :: DEBUG – Received request to GET sells '2023-03-21 15:26:01Z'. Number of results 3
STORAGE :: DEBUG – Received request to GET sells '2023-03-21 15:26:01Z'. Number of results 10
STORAGE :: DEBUG – Received request to GET sells '2023-03-21 15:26:06Z'. Number of results 3
STORAGE :: DEBUG – Received request to GET sells '2023-03-21 15:26:06Z'. Number of results 10
STORAGE :: DEBUG – Received request to GET sells '2023-03-21 15:26:11Z'. Number of results 3
STORAGE :: DEBUG – Received request to GET sells '2023-03-21 15:26:11Z'. Number of results 10
STORAGE :: DEBUG – Received request to GET sells '2023-03-21 15:26:16Z'. Number of results 3
STORAGE :: DEBUG – Received request to GET sells '2023-03-21 15:26:16Z'. Number of results 10
STORAGE :: DEBUG – Received request to GET sells '2023-03-21 15:26:21Z'. Number of results 3
STORAGE :: DEBUG – Received request to GET sells '2023-03-21 15:26:21Z'. Number of results 11
STORAGE :: DEBUG – Received request to GET sells '2023-03-21 15:26:26Z'. Number of results 3
STORAGE :: DEBUG – Received request to GET sells '2023-03-21 15:26:26Z'. Number of results 11
STORAGE :: DEBUG – Received request to GET sells '2023-03-21 15:26:32Z'. Number of results 3
STORAGE :: DEBUG – Received request to GET sells '2023-03-21 15:26:32Z'. Number of results 11
STORAGE :: DEBUG – Received request to GET sells '2023-03-21 15:26:36Z'. Number of results 3
STORAGE :: DEBUG – Received request to GET sells '2023-03-21 15:26:36Z'. Number of results 11
STORAGE :: DEBUG – Received request to GET sells '2023-04-04 18:26:12Z'. Number of results 3
STORAGE :: DEBUG – Received request to GET sells '2023-04-04 18:26:12Z'. Number of results 11
STORAGE :: DEBUG – Received request to GET sells '2023-04-04 18:26:17Z'. Number of results 3
STORAGE :: DEBUG – Received request to GET sells '2023-04-04 18:26:17Z'. Number of results 11
STORAGE :: DEBUG – Received request to GET sells '2023-04-04 18:26:22Z'. Number of results 3
STORAGE :: DEBUG – Received request to GET sells '2023-04-04 18:26:22Z'. Number of results 11
STORAGE :: DEBUG – Received request to GET sells '2023-04-04 18:27:14Z'. Number of results 3
STORAGE :: DEBUG – Received request to GET sells '2023-04-04 18:27:14Z'. Number of results 11
STORAGE :: DEBUG – Received request to GET sells '2023-04-04 18:27:19Z'. Number of results 3
STORAGE :: DEBUG – Received request to GET sells '2023-04-04 18:27:19Z'. Number of results 11
STORAGE :: DEBUG – Received request to GET sells '2023-04-04 18:57:06Z'. Number of results 3
STORAGE :: DEBUG – Received request to GET sells '2023-04-04 18:57:06Z'. Number of results 11
STORAGE :: DEBUG – Received request to GET sells '2023-04-04 18:57:11Z'. Number of results 3
STORAGE :: DEBUG – Received request to GET sells '2023-04-04 18:57:11Z'. Number of results 11
STORAGE :: DEBUG – Received request to GET sells '2023-04-04 18:57:16Z'. Number of results 3
STORAGE :: DEBUG – Received request to GET sells '2023-04-04 18:57:16Z'. Number of results 11
